#
# There is insufficient memory for the Java Runtime Environment to continue.
# Native memory allocation (mmap) failed to map 251658240 bytes. Error detail: G1 virtual space
# Possible reasons:
#   The system is out of physical RAM or swap space
#   This process is running with CompressedOops enabled, and the Java Heap may be blocking the growth of the native heap
# Possible solutions:
#   Reduce memory load on the system
#   Increase physical memory or swap space
#   Check if swap backing store is full
#   Decrease Java heap size (-Xmx/-Xms)
#   Decrease number of Java threads
#   Decrease Java thread stack sizes (-Xss)
#   Set larger code cache with -XX:ReservedCodeCacheSize=
#   JVM is running with Zero Based Compressed Oops mode in which the Java heap is
#     placed in the first 32GB address space. The Java Heap base address is the
#     maximum limit for the native heap growth. Please use -XX:HeapBaseMinAddress
#     to set the Java Heap base and to place the Java Heap above 32GB virtual address.
# This output file may be truncated or incomplete.
#
#  Out of Memory Error (os_windows.cpp:3828), pid=18248, tid=18904
#
# JRE version:  (21.0.4) (build )
# Java VM: OpenJDK 64-Bit Server VM (21.0.4+-12508038-b607.1, mixed mode, sharing, tiered, compressed oops, compressed class ptrs, g1 gc, windows-amd64)
# No core dump will be written. Minidumps are not enabled by default on client versions of Windows
#

---------------  S U M M A R Y ------------

Command Line: org.jetbrains.kotlin.cli.jvm.K2JVMCompiler @C:\planotes\app\build\20251007_1006670534736589653.compiler.options

Host: AMD A10-7850K Radeon R7, 12 Compute Cores 4C+8G, 4 cores, 14G,  Windows 10 , 64 bit Build 19041 (10.0.19041.5198)
Time: Tue Oct  7 13:45:58 2025  Windows 10 , 64 bit Build 19041 (10.0.19041.5198) elapsed time: 0.059422 seconds (0d 0h 0m 0s)

---------------  T H R E A D  ---------------

Current thread (0x0000028381200120):  JavaThread "Unknown thread" [_thread_in_vm, id=18904, stack(0x00000098c9700000,0x00000098c9800000) (1024K)]

Stack: [0x00000098c9700000,0x00000098c9800000]
Native frames: (J=compiled Java code, j=interpreted, Vv=VM code, C=native code)
V  [jvm.dll+0x6ce539]
V  [jvm.dll+0x85bf03]
V  [jvm.dll+0x85e45e]
V  [jvm.dll+0x85eb43]
V  [jvm.dll+0x27dd06]
V  [jvm.dll+0x6cada5]
V  [jvm.dll+0x6bf27a]
V  [jvm.dll+0x3541fb]
V  [jvm.dll+0x35be36]
V  [jvm.dll+0x3adbc6]
V  [jvm.dll+0x3ade98]
V  [jvm.dll+0x32691c]
V  [jvm.dll+0x32760b]
V  [jvm.dll+0x823959]
V  [jvm.dll+0x3bacf8]
V  [jvm.dll+0x80cd58]
V  [jvm.dll+0x44ef2e]
V  [jvm.dll+0x450691]
C  [jli.dll+0x52ab]
C  [ucrtbase.dll+0x21bb2]
C  [KERNEL32.DLL+0x17374]
C  [ntdll.dll+0x4cc91]


---------------  P R O C E S S  ---------------

Threads class SMR info:
_java_thread_list=0x00007ffe8eeca808, length=0, elements={
}

Java Threads: ( => current thread )
Total: 0

Other Threads:
  0x0000028383421810 WorkerThread "GC Thread#0"                     [id=19508, stack(0x00000098c9800000,0x00000098c9900000) (1024K)]
  0x0000028383431f10 ConcurrentGCThread "G1 Main Marker"            [id=22184, stack(0x00000098c9900000,0x00000098c9a00000) (1024K)]
  0x0000028383433d00 WorkerThread "G1 Conc#0"                       [id=27652, stack(0x00000098c9a00000,0x00000098c9b00000) (1024K)]

[error occurred during error reporting (printing all threads), id 0xc0000005, EXCEPTION_ACCESS_VIOLATION (0xc0000005) at pc=0x00007ffe8e6c9957]
VM state: not at safepoint (not fully initialized)

VM Mutex/Monitor currently owned by a thread:  ([mutex/lock_event])
[0x00007ffe8ef373f8] Heap_lock - owner thread: 0x0000028381200120

Heap address: 0x0000000710e00000, size: 3826 MB, Compressed Oops mode: Zero based, Oop shift amount: 3

CDS archive(s) mapped at: [0x0000000000000000-0x0000000000000000-0x0000000000000000), size 0, SharedBaseAddress: 0x0000000800000000, ArchiveRelocationMode: 1.
Narrow klass base: 0x0000000000000000, Narrow klass shift: 0, Narrow klass range: 0x0

GC Precious Log:
 CardTable entry size: 512
 Card Set container configuration: InlinePtr #cards 4 size 8 Array Of Cards #cards 16 size 48 Howl #buckets 8 coarsen threshold 3686 Howl Bitmap #cards 512 size 80 coarsen threshold 460 Card regions per heap region 1 cards per card region 4096

Heap:
 garbage-first heap   total 0K, used 0K [0x0000000710e00000, 0x0000000800000000)
  region size 2048K, 0 young (0K), 0 survivors (0K)
 Metaspace       used 0K, committed 0K, reserved 0K
  class space    used 0K, committed 0K, reserved 0K

Heap Regions: E=young(eden), S=young(survivor), O=old, HS=humongous(starts), HC=humongous(continues), CS=collection set, F=free, TAMS=top-at-mark-start, PB=parsable bottom

Card table byte_map: [0x0000028395c90000,0x0000028396410000] _byte_map_base: 0x0000028392409000

Marking Bits: (CMBitMap*) 0x0000028383422720
 Bits: [0x0000028396410000, 0x0000028399fd8000)

GC Heap History (0 events):
No events

Dll operation events (1 events):
Event: 0.026 Loaded shared library C:\android studio\jbr\bin\java.dll

Deoptimization events (0 events):
No events

Classes loaded (0 events):
No events

Classes unloaded (0 events):
No events

Classes redefined (0 events):
No events

Internal exceptions (0 events):
No events

ZGC Phase Switch (0 events):
No events

VM Operations (0 events):
No events

Memory protections (0 events):
No events

Nmethod flushes (0 events):
No events

Events (0 events):
No events


Dynamic libraries:
0x00007ff7e2e40000 - 0x00007ff7e2e4a000 	C:\android studio\jbr\bin\java.exe
0x00007ffee23d0000 - 0x00007ffee25c8000 	C:\Windows\SYSTEM32\ntdll.dll
0x00007ffee11a0000 - 0x00007ffee1262000 	C:\Windows\System32\KERNEL32.DLL
0x00007ffedfed0000 - 0x00007ffee01ce000 	C:\Windows\System32\KERNELBASE.dll
0x00007ffedfb40000 - 0x00007ffedfc40000 	C:\Windows\System32\ucrtbase.dll
0x00007ffeca1a0000 - 0x00007ffeca1b8000 	C:\android studio\jbr\bin\jli.dll
0x00007ffee1a70000 - 0x00007ffee1c0d000 	C:\Windows\System32\USER32.dll
0x00007ffee0240000 - 0x00007ffee0262000 	C:\Windows\System32\win32u.dll
0x00007ffee14b0000 - 0x00007ffee14db000 	C:\Windows\System32\GDI32.dll
0x00007ffee0270000 - 0x00007ffee0387000 	C:\Windows\System32\gdi32full.dll
0x00007ffedfcd0000 - 0x00007ffedfd6d000 	C:\Windows\System32\msvcp_win.dll
0x00007ffed4e80000 - 0x00007ffed4e9b000 	C:\android studio\jbr\bin\VCRUNTIME140.dll
0x00007ffed1270000 - 0x00007ffed150a000 	C:\Windows\WinSxS\amd64_microsoft.windows.common-controls_6595b64144ccf1df_6.0.19041.4355_none_60b8b9eb71f62e16\COMCTL32.dll
0x00007ffee21e0000 - 0x00007ffee227e000 	C:\Windows\System32\msvcrt.dll
0x00007ffee06e0000 - 0x00007ffee070f000 	C:\Windows\System32\IMM32.DLL
0x00007ffeda610000 - 0x00007ffeda61c000 	C:\android studio\jbr\bin\vcruntime140_1.dll
0x00007ffeb9410000 - 0x00007ffeb949d000 	C:\android studio\jbr\bin\msvcp140.dll
0x00007ffe8e390000 - 0x00007ffe8f013000 	C:\android studio\jbr\bin\server\jvm.dll
0x00007ffee1270000 - 0x00007ffee1321000 	C:\Windows\System32\ADVAPI32.dll
0x00007ffee1330000 - 0x00007ffee13cf000 	C:\Windows\System32\sechost.dll
0x00007ffee2050000 - 0x00007ffee2173000 	C:\Windows\System32\RPCRT4.dll
0x00007ffee0390000 - 0x00007ffee03b7000 	C:\Windows\System32\bcrypt.dll
0x00007ffee1590000 - 0x00007ffee15fb000 	C:\Windows\System32\WS2_32.dll
0x00007ffedef70000 - 0x00007ffedefbb000 	C:\Windows\SYSTEM32\POWRPROF.dll
0x00007ffed6c20000 - 0x00007ffed6c2a000 	C:\Windows\SYSTEM32\VERSION.dll
0x00007ffed6bf0000 - 0x00007ffed6c17000 	C:\Windows\SYSTEM32\WINMM.dll
0x00007ffedee40000 - 0x00007ffedee52000 	C:\Windows\SYSTEM32\UMPDC.dll
0x00007ffedd8e0000 - 0x00007ffedd8f2000 	C:\Windows\SYSTEM32\kernel.appcore.dll
0x00007ffed8400000 - 0x00007ffed840a000 	C:\android studio\jbr\bin\jimage.dll
0x00007ffed1080000 - 0x00007ffed1264000 	C:\Windows\SYSTEM32\DBGHELP.DLL
0x00007ffecb6f0000 - 0x00007ffecb724000 	C:\Windows\SYSTEM32\dbgcore.DLL
0x00007ffedfc40000 - 0x00007ffedfcc2000 	C:\Windows\System32\bcryptPrimitives.dll
0x00007ffed17c0000 - 0x00007ffed17e0000 	C:\android studio\jbr\bin\java.dll

dbghelp: loaded successfully - version: 4.0.5 - missing functions: none
symbol engine: initialized successfully - sym options: 0x614 - pdb path: .;C:\android studio\jbr\bin;C:\Windows\SYSTEM32;C:\Windows\WinSxS\amd64_microsoft.windows.common-controls_6595b64144ccf1df_6.0.19041.4355_none_60b8b9eb71f62e16;C:\android studio\jbr\bin\server

VM Arguments:
java_command: org.jetbrains.kotlin.cli.jvm.K2JVMCompiler @C:\planotes\app\build\20251007_1006670534736589653.compiler.options
java_class_path (initial): C:\Users\m.dzyuin\.gradle\caches\modules-2\files-2.1\org.jetbrains.kotlin\kotlin-compiler-embeddable\1.9.24\78dab849090e6c5e2eadb6e59a11cdc28fb67a08\kotlin-compiler-embeddable-1.9.24.jar;C:\Users\m.dzyuin\.gradle\caches\modules-2\files-2.1\org.jetbrains.kotlin\kotlin-stdlib\1.9.24\9928532f12c66ad816a625b3f9984f8368ca6d2b\kotlin-stdlib-1.9.24.jar;C:\Users\m.dzyuin\.gradle\caches\modules-2\files-2.1\org.jetbrains.kotlin\kotlin-script-runtime\1.9.24\96771497da90fbc5af1c90fce148db2595a62502\kotlin-script-runtime-1.9.24.jar;C:\Users\m.dzyuin\.gradle\caches\modules-2\files-2.1\org.jetbrains.kotlin\kotlin-reflect\1.6.10\1cbe9c92c12a94eea200d23c2bbaedaf3daf5132\kotlin-reflect-1.6.10.jar;C:\Users\m.dzyuin\.gradle\caches\modules-2\files-2.1\org.jetbrains.kotlin\kotlin-daemon-embeddable\1.9.24\86685b9c5e8d170925bd9ddbdc263374a6a73281\kotlin-daemon-embeddable-1.9.24.jar;C:\Users\m.dzyuin\.gradle\caches\modules-2\files-2.1\org.jetbrains.intellij.deps\trove4j\1.0.20200330\3afb14d5f9ceb459d724e907a21145e8ff394f02\trove4j-1.0.20200330.jar;C:\Users\m.dzyuin\.gradle\caches\modules-2\files-2.1\org.jetbrains\annotations\13.0\919f0dfe192fb4e063e7dacadee7f8bb9a2672a9\annotations-13.0.jar
Launcher Type: SUN_STANDARD

[Global flags]
     intx CICompilerCount                          = 3                                         {product} {ergonomic}
     uint ConcGCThreads                            = 1                                         {product} {ergonomic}
     uint G1ConcRefinementThreads                  = 4                                         {product} {ergonomic}
   size_t G1HeapRegionSize                         = 2097152                                   {product} {ergonomic}
    uintx GCDrainStackTargetSize                   = 64                                        {product} {ergonomic}
   size_t InitialHeapSize                          = 251658240                                 {product} {ergonomic}
   size_t MarkStackSize                            = 4194304                                   {product} {ergonomic}
   size_t MaxHeapSize                              = 4011851776                                {product} {ergonomic}
   size_t MinHeapDeltaBytes                        = 2097152                                   {product} {ergonomic}
   size_t MinHeapSize                              = 8388608                                   {product} {ergonomic}
    uintx NonNMethodCodeHeapSize                   = 5832780                                {pd product} {ergonomic}
    uintx NonProfiledCodeHeapSize                  = 122912730                              {pd product} {ergonomic}
    uintx ProfiledCodeHeapSize                     = 122912730                              {pd product} {ergonomic}
    uintx ReservedCodeCacheSize                    = 251658240                              {pd product} {ergonomic}
     bool SegmentedCodeCache                       = true                                      {product} {ergonomic}
   size_t SoftMaxHeapSize                          = 4011851776                             {manageable} {ergonomic}
     bool UseCompressedOops                        = true                           {product lp64_product} {ergonomic}
     bool UseG1GC                                  = true                                      {product} {ergonomic}
     bool UseLargePagesIndividualAllocation        = false                                  {pd product} {ergonomic}

Logging:
Log output configuration:
 #0: stdout all=warning uptime,level,tags foldmultilines=false
 #1: stderr all=off uptime,level,tags foldmultilines=false

Environment Variables:
PATH=C:\Program Files (x86)\Common Files\Oracle\Java\java8path;C:\Program Files (x86)\Common Files\Oracle\Java\javapath;C:\Users\m.dzyuin\gcc\bin;C:\Users\m.dzyuin\gcc\libexec\gcc\x86_64-w64-mingw32\13.2.0;C:\Windows\system32;C:\Windows;C:\Windows\System32\Wbem;C:\Windows\System32\WindowsPowerShell\v1.0\;C:\Windows\System32\OpenSSH\;C:\Program Files\TortoiseSVN\bin;C:\Program Files\dotnet\;C:\Program Files (x86)\STMicroelectronics\STM32 ST-LINK Utility\ST-LINK Utility;C:\Program Files (x86)\IncrediBuild;C:\ProgramData\chocolatey\bin;C:\ProgramData\chocolatey\lib\openocd\tools\OpenOCD-20211118-0.11.0\bin;C:\Program Files\Git\cmd;C:\Program Files\TortoiseGit\bin;C:\Program Files\doxygen\bin;C:\Users\m.dzyuin\AppData\Local\Packages\PythonSoftwareFoundation.Python.3.11_qbz5n2kfra8p0\LocalCache\local-packages\Python311\Scripts;C:\Users\m.dzyuin\AppData\Local\Microsoft\WindowsApps;C:\Users\m.dzyuin\AppData\Local\Programs\Microsoft VS Code\bin;C:\Users\m.dzyuin\AppData\Local\Packages\PythonSoftwareFoundation.Python.3.11_qbz5n2kfra8p0\LocalCache\local-packages\Python311\Scripts;C:\Users\m.dzyuin\.dotnet\tools
USERNAME=m.dzyuin
OS=Windows_NT
PROCESSOR_IDENTIFIER=AMD64 Family 21 Model 48 Stepping 1, AuthenticAMD
TMP=C:\Users\M3726~1.DZY\AppData\Local\Temp
TEMP=C:\Users\M3726~1.DZY\AppData\Local\Temp




Periodic native trim disabled

JNI global refs:
JNI global refs: 0, weak refs: 0

JNI global refs memory usage: 0, weak refs: 0

Process memory usage:
Resident Set Size: 10732K (0% of 15666700K total physical memory with 924020K free physical memory)

OOME stack traces (most recent first):
Classloader memory used:

---------------  S Y S T E M  ---------------

OS:
 Windows 10 , 64 bit Build 19041 (10.0.19041.5198)
OS uptime: 14 days 2:24 hours

CPU: total 4 (initial active 4) (4 cores per cpu, 1 threads per core) family 21 model 48 stepping 1 microcode 0x0, cx8, cmov, fxsr, mmx, 3dnowpref, sse, sse2, sse3, ssse3, sse4a, sse4.1, sse4.2, popcnt, lzcnt, tsc, tscinvbit, avx, aes, clmul, bmi1, fma, vzeroupper, clflush, rdtscp, f16c
Processor Information for all 4 processors :
  Max Mhz: 3700, Current Mhz: 3700, Mhz Limit: 3700

Memory: 4k page, system-wide physical 15299M (902M free)
TotalPageFile size 23491M (AvailPageFile size 144M)
current process WorkingSet (physical memory assigned to process): 10M, peak: 10M
current process commit charge ("private bytes"): 51M, peak: 291M

vm_info: OpenJDK 64-Bit Server VM (21.0.4+-12508038-b607.1) for windows-amd64 JRE (21.0.4+-12508038-b607.1), built on 2024-10-16T17:23:34Z by "builder" with MS VC++ 16.10 / 16.11 (VS2019)

END.
